Arguments: 
  /usr/bin/node /usr/share/yarn/bin/yarn.js add react react-dom @types/react @types/react-dom

PATH: 
  /usr/local/sbin:/usr/local/bin:/usr/sbin:/usr/bin:/sbin:/bin:/usr/games:/usr/local/games:/snap/bin

Yarn version: 
  1.22.5

Node version: 
  10.19.0

Platform: 
  linux x64

Trace: 
  SyntaxError: /home/machy/Desktop/github-profiles-app/package.json: Unexpected token } in JSON at position 313
      at JSON.parse (<anonymous>)
      at /usr/share/yarn/lib/cli.js:1625:59
      at Generator.next (<anonymous>)
      at step (/usr/share/yarn/lib/cli.js:310:30)
      at /usr/share/yarn/lib/cli.js:321:13

npm manifest: 
  {
    "name": "github-profiles-app",
    "version": "1.0.0",
    "description": "build ui for github profiles",
    "main": "index.js",
    "scripts": {
      "test": "echo \"Error: no test specified\" && exit 1"
    },
    "author": "machy",
    "license": "ISC",
    "keywords": [
      "react",
      "typescript",
      "webpack"
    ],
  }

yarn manifest: 
  No manifest

Lockfile: 
  No lockfile
